<?xml version="1.0" encoding="UTF-8"?>
<!-- Generated by org.testng.reporters.JUnitReportReporter -->
<testsuite hostname="IBM-PF37EQCD" failures="0" tests="2" name="com.ibm.ecommerceapplication.tests.LoginFunctionalityDDT" time="16.201" errors="0" timestamp="2024-09-15T16:38:58 IST" skipped="0">
  <testcase classname="com.ibm.ecommerceapplication.tests.LoginFunctionalityDDT" name="validLoginMessagetest" time="7.867"/>
  <system-out/>
  <testcase classname="com.ibm.ecommerceapplication.tests.LoginFunctionalityDDT" name="validLoginMessagetest" time="8.334"/>
  <system-out/>
</testsuite> <!-- com.ibm.ecommerceapplication.tests.LoginFunctionalityDDT -->
