<?xml version="1.0" encoding="UTF-8"?>
<!-- Generated by org.testng.reporters.JUnitReportReporter -->
<testsuite hostname="IBM-PF37EQCD" failures="0" tests="1" name="com.ibm.ecommerceapplication.tests.TC01_AddToCartTest" time="28.511" errors="0" timestamp="2024-09-15T11:06:58 IST" skipped="0">
  <testcase classname="com.ibm.ecommerceapplication.tests.TC01_AddToCartTest" name="addSingleElementToCart" time="28.511"/>
  <system-out/>
</testsuite> <!-- com.ibm.ecommerceapplication.tests.TC01_AddToCartTest -->
