<?xml version="1.0" encoding="UTF-8"?>
<!-- Generated by org.testng.reporters.JUnitReportReporter -->
<testsuite hostname="IBM-PF37EQCD" failures="0" tests="2" name="com.ibm.ecommerceapplication.tests.LoginFunctionalityReadingDataFromExcelDDT" time="15.590" errors="0" timestamp="2024-09-15T22:40:44 IST" skipped="0">
  <testcase classname="com.ibm.ecommerceapplication.tests.LoginFunctionalityReadingDataFromExcelDDT" name="validLoginMessagetest" time="8.845"/>
  <system-out/>
  <testcase classname="com.ibm.ecommerceapplication.tests.LoginFunctionalityReadingDataFromExcelDDT" name="validLoginMessagetest" time="6.745"/>
  <system-out/>
</testsuite> <!-- com.ibm.ecommerceapplication.tests.LoginFunctionalityReadingDataFromExcelDDT -->
