<?xml version="1.0" encoding="UTF-8"?>
<!-- Generated by org.testng.reporters.JUnitReportReporter -->
<testsuite hostname="IBM-PF37EQCD" failures="0" tests="1" name="com.ibm.ecommerceapplication.tests.TC03_InvalidCredentialsMessageTest" time="8.204" errors="0" timestamp="2024-09-15T11:15:12 IST" skipped="0">
  <testcase classname="com.ibm.ecommerceapplication.tests.TC03_InvalidCredentialsMessageTest" name="addMultipleElementToCart" time="8.204"/>
  <system-out/>
</testsuite> <!-- com.ibm.ecommerceapplication.tests.TC03_InvalidCredentialsMessageTest -->
