<?xml version="1.0" encoding="UTF-8"?>
<!-- Generated by org.testng.reporters.JUnitReportReporter -->
<testsuite hostname="IBM-PF37EQCD" failures="0" tests="2" name="com.ibm.ecommerceapplication.tests.LoginFunctionalityReadingdataFromJsonDDT" time="17.121" errors="0" timestamp="2024-09-15T17:09:20 IST" skipped="0">
  <testcase classname="com.ibm.ecommerceapplication.tests.LoginFunctionalityReadingdataFromJsonDDT" name="validLoginMessagetest" time="8.627"/>
  <system-out/>
  <testcase classname="com.ibm.ecommerceapplication.tests.LoginFunctionalityReadingdataFromJsonDDT" name="validLoginMessagetest" time="8.494"/>
  <system-out/>
</testsuite> <!-- com.ibm.ecommerceapplication.tests.LoginFunctionalityReadingdataFromJsonDDT -->
