<?xml version="1.0" encoding="UTF-8"?>
<!-- Generated by org.testng.reporters.JUnitReportReporter -->
<testsuite hostname="IBM-PF37EQCD" failures="0" tests="2" name="com.ibm.ecommerceapplication.tests.LoginFunctionalityTest" time="23.399" errors="0" timestamp="2024-09-16T14:40:46 IST" skipped="0">
  <testcase classname="com.ibm.ecommerceapplication.tests.LoginFunctionalityTest" name="validLoginMessagetest" time="14.476"/>
  <system-out/>
  <testcase classname="com.ibm.ecommerceapplication.tests.LoginFunctionalityTest" name="invalidLoginMessagetest" time="8.923"/>
  <system-out/>
</testsuite> <!-- com.ibm.ecommerceapplication.tests.LoginFunctionalityTest -->
