<?xml version="1.0" encoding="UTF-8"?>
<!-- Generated by org.testng.reporters.JUnitReportReporter -->
<testsuite hostname="IBM-PF37EQCD" failures="0" tests="2" name="com.ibm.ecommerceapplication.tests.LoginFunctionalityUsing2DHashMapDDT" time="15.808" errors="0" timestamp="2024-09-15T16:47:34 IST" skipped="0">
  <testcase classname="com.ibm.ecommerceapplication.tests.LoginFunctionalityUsing2DHashMapDDT" name="validLoginMessagetest" time="7.365"/>
  <system-out/>
  <testcase classname="com.ibm.ecommerceapplication.tests.LoginFunctionalityUsing2DHashMapDDT" name="validLoginMessagetest" time="8.443"/>
  <system-out/>
</testsuite> <!-- com.ibm.ecommerceapplication.tests.LoginFunctionalityUsing2DHashMapDDT -->
