<?xml version="1.0" encoding="UTF-8"?>
<!-- Generated by org.testng.reporters.JUnitReportReporter -->
<testsuite hostname="IBM-PF37EQCD" failures="0" tests="1" name="com.ibm.ecommerceapplication.tests.AddProductsToCartTest" time="23.723" errors="0" timestamp="2024-09-15T13:40:28 IST" skipped="0">
  <testcase classname="com.ibm.ecommerceapplication.tests.AddProductsToCartTest" name="addSingleProductToCart" time="23.723"/>
  <system-out/>
</testsuite> <!-- com.ibm.ecommerceapplication.tests.AddProductsToCartTest -->
